[2025-04-03 10:00:01] INFO: Application started
[2025-04-03 10:00:12] INFO: User logged in
[2025-04-03 10:00:25] WARNING: Configuration file missing, using defaults
[2025-04-03 10:01:30] INFO: Loading modules
[2025-04-03 10:01:42] INFO: Module X initialized
[2025-04-03 10:02:15] WARNING: Low disk space
[2025-04-03 10:02:50] INFO: Running diagnostics
[2025-04-03 10:03:05] ERROR: NullPointerException at line 78
[2025-04-03 10:03:33] INFO: Restarting service
[2025-04-03 10:04:00] INFO: Service started
[2025-04-03 10:04:30] INFO: Connection established
[2025-04-03 10:05:14] INFO: Fetching data
[2025-04-03 10:06:10] ERROR: Timeout while accessing database
[2025-04-03 10:06:50] WARNING: Retry limit approaching
[2025-04-03 10:07:22] INFO: Data fetched successfully
[2025-04-03 10:08:03] INFO: Parsing response
[2025-04-03 10:08:49] ERROR: ArrayIndexOutOfBoundsException at line 113
[2025-04-03 10:09:21] INFO: Processed record ID 101
[2025-04-03 10:10:05] WARNING: Deprecated method in use
[2025-04-03 10:10:35] INFO: Memory usage: 85%
[2025-04-03 10:11:20] INFO: Log rotation initiated
[2025-04-03 10:11:59] INFO: Old logs archived
[2025-04-03 10:12:45] ERROR: IOException at line 203
[2025-04-03 10:13:30] WARNING: CPU usage spike detected
[2025-04-03 10:14:00] INFO: Monitoring enabled
[2025-04-03 10:14:45] INFO: Application started
[2025-04-03 10:15:30] WARNING: Low memory
[2025-04-03 10:16:05] ERROR: NullPointerException at line 42
[2025-04-03 10:17:10] INFO: Process completed
[2025-04-03 10:18:20] INFO: Syncing files
[2025-04-03 10:19:00] INFO: File sync successful
[2025-04-03 10:19:50] WARNING: Unsaved changes
[2025-04-03 10:20:30] ERROR: FileNotFoundException at line 77
[2025-04-03 10:21:05] INFO: Reverting to backup
[2025-04-03 10:21:50] INFO: Backup restored
[2025-04-03 10:22:40] INFO: System ready
[2025-04-03 10:23:35] INFO: Starting cleanup
[2025-04-03 10:24:10] WARNING: Temporary file locked
[2025-04-03 10:25:00] ERROR: IllegalStateException at line 301
[2025-04-03 10:25:30] INFO: Cleanup successful
[2025-04-03 10:26:15] INFO: Scheduled job started
[2025-04-03 10:27:05] WARNING: Job delay exceeded threshold
[2025-04-03 10:28:00] INFO: Job completed
[2025-04-03 10:29:10] INFO: User logged out
[2025-04-03 10:30:00] ERROR: Database connection failed
[2025-04-03 10:30:45] INFO: Attempting reconnection
[2025-04-03 10:31:30] INFO: Reconnection successful
[2025-04-03 10:32:20] WARNING: Incomplete record found
[2025-04-03 10:33:10] INFO: Logging complete
